app/build/intermediates/manifest_merge_blame_file/release/manifest-merger-blame-release-report.txt
1<?xml version="1.0" encoding="utf-8"?>
2<manifest xmlns:android="http://schemas.android.com/apk/res/android"
3    package="com.edward.csvprocessor"
4    android:versionCode="1"
5    android:versionName="1.0" >
6
7    <uses-sdk
8        android:minSdkVersion="19"
8-->src/main/AndroidManifest.xml
9        android:targetSdkVersion="29" />
9-->src/main/AndroidManifest.xml
10
11    <uses-permission android:name="android.permission.READ_EXTERNAL_STORAGE" />
11-->src/main/AndroidManifest.xml:5:5-79
11-->src/main/AndroidManifest.xml:5:22-77
12    <uses-permission android:name="android.permission.WRITE_EXTERNAL_STORAGE" />
12-->src/main/AndroidManifest.xml:6:5-80
12-->src/main/AndroidManifest.xml:6:22-78
13
14    <!-- Required permission for App measurement to run. -->
15    <uses-permission android:name="android.permission.INTERNET" />
15-->[com.google.android.gms:play-services-measurement:17.2.0] AndroidManifest.xml:23:5-67
15-->[com.google.android.gms:play-services-measurement:17.2.0] AndroidManifest.xml:23:22-64
16    <uses-permission android:name="android.permission.ACCESS_NETWORK_STATE" />
16-->[com.google.android.gms:play-services-measurement:17.2.0] AndroidManifest.xml:24:5-79
16-->[com.google.android.gms:play-services-measurement:17.2.0] AndroidManifest.xml:24:22-76
17    <uses-permission android:name="android.permission.WAKE_LOCK" />
17-->[com.google.android.gms:play-services-measurement:17.2.0] AndroidManifest.xml:25:5-68
17-->[com.google.android.gms:play-services-measurement:17.2.0] AndroidManifest.xml:25:22-65
18    <uses-permission android:name="com.google.android.finsky.permission.BIND_GET_INSTALL_REFERRER_SERVICE" /> <!-- Required by older versions of Google Play services to create IID tokens -->
18-->[com.google.android.gms:play-services-measurement:17.2.0] AndroidManifest.xml:26:5-110
18-->[com.google.android.gms:play-services-measurement:17.2.0] AndroidManifest.xml:26:22-107
19    <uses-permission android:name="com.google.android.c2dm.permission.RECEIVE" />
19-->[com.google.firebase:firebase-iid:19.0.0] AndroidManifest.xml:26:5-82
19-->[com.google.firebase:firebase-iid:19.0.0] AndroidManifest.xml:26:22-79
20
21    <application
21-->src/main/AndroidManifest.xml:8:5-22:19
22        android:allowBackup="true"
22-->src/main/AndroidManifest.xml:9:9-35
23        android:appComponentFactory="androidx.core.app.CoreComponentFactory"
23-->[androidx.core:core:1.1.0] AndroidManifest.xml:24:18-86
24        android:icon="@mipmap/ic_launcher"
24-->src/main/AndroidManifest.xml:10:9-43
25        android:label="@string/app_name"
25-->src/main/AndroidManifest.xml:11:9-41
26        android:roundIcon="@mipmap/ic_launcher_round"
26-->src/main/AndroidManifest.xml:12:9-54
27        android:supportsRtl="true"
27-->src/main/AndroidManifest.xml:13:9-35
28        android:theme="@style/AppTheme" >
28-->src/main/AndroidManifest.xml:14:9-40
29        <activity android:name="com.edward.csvprocessor.view.ParserActivity" >
29-->src/main/AndroidManifest.xml:15:9-21:20
29-->src/main/AndroidManifest.xml:15:19-54
30            <intent-filter>
30-->src/main/AndroidManifest.xml:16:13-20:29
31                <action android:name="android.intent.action.MAIN" />
31-->src/main/AndroidManifest.xml:17:17-69
31-->src/main/AndroidManifest.xml:17:25-66
32
33                <category android:name="android.intent.category.LAUNCHER" />
33-->src/main/AndroidManifest.xml:19:17-77
33-->src/main/AndroidManifest.xml:19:27-74
34            </intent-filter>
35        </activity>
36
37        <receiver
37-->[com.google.android.gms:play-services-measurement:17.2.0] AndroidManifest.xml:29:9-33:20
38            android:name="com.google.android.gms.measurement.AppMeasurementReceiver"
38-->[com.google.android.gms:play-services-measurement:17.2.0] AndroidManifest.xml:30:13-85
39            android:enabled="true"
39-->[com.google.android.gms:play-services-measurement:17.2.0] AndroidManifest.xml:31:13-35
40            android:exported="false" >
40-->[com.google.android.gms:play-services-measurement:17.2.0] AndroidManifest.xml:32:13-37
41        </receiver>
42        <receiver
42-->[com.google.android.gms:play-services-measurement:17.2.0] AndroidManifest.xml:34:9-42:20
43            android:name="com.google.android.gms.measurement.AppMeasurementInstallReferrerReceiver"
43-->[com.google.android.gms:play-services-measurement:17.2.0] AndroidManifest.xml:35:13-100
44            android:enabled="true"
44-->[com.google.android.gms:play-services-measurement:17.2.0] AndroidManifest.xml:36:13-35
45            android:exported="true"
45-->[com.google.android.gms:play-services-measurement:17.2.0] AndroidManifest.xml:37:13-36
46            android:permission="android.permission.INSTALL_PACKAGES" >
46-->[com.google.android.gms:play-services-measurement:17.2.0] AndroidManifest.xml:38:13-69
47            <intent-filter>
47-->[com.google.android.gms:play-services-measurement:17.2.0] AndroidManifest.xml:39:13-41:29
48                <action android:name="com.android.vending.INSTALL_REFERRER" />
48-->[com.google.android.gms:play-services-measurement:17.2.0] AndroidManifest.xml:40:17-79
48-->[com.google.android.gms:play-services-measurement:17.2.0] AndroidManifest.xml:40:25-76
49            </intent-filter>
50        </receiver>
51
52        <service
52-->[com.google.android.gms:play-services-measurement:17.2.0] AndroidManifest.xml:44:9-47:40
53            android:name="com.google.android.gms.measurement.AppMeasurementService"
53-->[com.google.android.gms:play-services-measurement:17.2.0] AndroidManifest.xml:45:13-84
54            android:enabled="true"
54-->[com.google.android.gms:play-services-measurement:17.2.0] AndroidManifest.xml:46:13-35
55            android:exported="false" />
55-->[com.google.android.gms:play-services-measurement:17.2.0] AndroidManifest.xml:47:13-37
56        <service
56-->[com.google.android.gms:play-services-measurement:17.2.0] AndroidManifest.xml:48:9-52:72
57            android:name="com.google.android.gms.measurement.AppMeasurementJobService"
57-->[com.google.android.gms:play-services-measurement:17.2.0] AndroidManifest.xml:49:13-87
58            android:enabled="true"
58-->[com.google.android.gms:play-services-measurement:17.2.0] AndroidManifest.xml:50:13-35
59            android:exported="false"
59-->[com.google.android.gms:play-services-measurement:17.2.0] AndroidManifest.xml:51:13-37
60            android:permission="android.permission.BIND_JOB_SERVICE" />
60-->[com.google.android.gms:play-services-measurement:17.2.0] AndroidManifest.xml:52:13-69
61        <service
61-->[com.google.android.gms:play-services-measurement-api:17.2.0] AndroidManifest.xml:27:9-33:19
62            android:name="com.google.firebase.components.ComponentDiscoveryService"
62-->[com.google.android.gms:play-services-measurement-api:17.2.0] AndroidManifest.xml:28:13-84
63            android:exported="false" >
63-->[com.google.android.gms:play-services-measurement-api:17.2.0] AndroidManifest.xml:29:13-37
64            <meta-data
64-->[com.google.android.gms:play-services-measurement-api:17.2.0] AndroidManifest.xml:30:13-32:85
65                android:name="com.google.firebase.components:com.google.firebase.analytics.connector.internal.AnalyticsConnectorRegistrar"
65-->[com.google.android.gms:play-services-measurement-api:17.2.0] AndroidManifest.xml:31:17-139
66                android:value="com.google.firebase.components.ComponentRegistrar" />
66-->[com.google.android.gms:play-services-measurement-api:17.2.0] AndroidManifest.xml:32:17-82
67            <meta-data
67-->[com.google.firebase:firebase-iid:19.0.0] AndroidManifest.xml:32:13-34:85
68                android:name="com.google.firebase.components:com.google.firebase.iid.Registrar"
68-->[com.google.firebase:firebase-iid:19.0.0] AndroidManifest.xml:33:17-96
69                android:value="com.google.firebase.components.ComponentRegistrar" />
69-->[com.google.firebase:firebase-iid:19.0.0] AndroidManifest.xml:34:17-82
70        </service>
71
72        <receiver
72-->[com.google.firebase:firebase-iid:19.0.0] AndroidManifest.xml:37:9-44:20
73            android:name="com.google.firebase.iid.FirebaseInstanceIdReceiver"
73-->[com.google.firebase:firebase-iid:19.0.0] AndroidManifest.xml:38:13-78
74            android:exported="true"
74-->[com.google.firebase:firebase-iid:19.0.0] AndroidManifest.xml:39:13-36
75            android:permission="com.google.android.c2dm.permission.SEND" >
75-->[com.google.firebase:firebase-iid:19.0.0] AndroidManifest.xml:40:13-73
76            <intent-filter>
76-->[com.google.firebase:firebase-iid:19.0.0] AndroidManifest.xml:41:13-43:29
77                <action android:name="com.google.android.c2dm.intent.RECEIVE" />
77-->[com.google.firebase:firebase-iid:19.0.0] AndroidManifest.xml:42:17-81
77-->[com.google.firebase:firebase-iid:19.0.0] AndroidManifest.xml:42:25-78
78            </intent-filter>
79        </receiver>
80
81        <provider
81-->[com.google.firebase:firebase-common:19.0.0] AndroidManifest.xml:12:9-16:39
82            android:name="com.google.firebase.provider.FirebaseInitProvider"
82-->[com.google.firebase:firebase-common:19.0.0] AndroidManifest.xml:13:13-77
83            android:authorities="com.edward.csvprocessor.firebaseinitprovider"
83-->[com.google.firebase:firebase-common:19.0.0] AndroidManifest.xml:14:13-72
84            android:exported="false"
84-->[com.google.firebase:firebase-common:19.0.0] AndroidManifest.xml:15:13-37
85            android:initOrder="100" />
85-->[com.google.firebase:firebase-common:19.0.0] AndroidManifest.xml:16:13-36
86
87        <activity
87-->[com.google.android.gms:play-services-base:17.0.0] AndroidManifest.xml:23:9-26:75
88            android:name="com.google.android.gms.common.api.GoogleApiActivity"
88-->[com.google.android.gms:play-services-base:17.0.0] AndroidManifest.xml:24:13-79
89            android:exported="false"
89-->[com.google.android.gms:play-services-base:17.0.0] AndroidManifest.xml:25:13-37
90            android:theme="@android:style/Theme.Translucent.NoTitleBar" />
90-->[com.google.android.gms:play-services-base:17.0.0] AndroidManifest.xml:26:13-72
91
92        <meta-data
92-->[com.google.android.gms:play-services-basement:17.0.0] AndroidManifest.xml:23:9-25:69
93            android:name="com.google.android.gms.version"
93-->[com.google.android.gms:play-services-basement:17.0.0] AndroidManifest.xml:24:13-58
94            android:value="@integer/google_play_services_version" />
94-->[com.google.android.gms:play-services-basement:17.0.0] AndroidManifest.xml:25:13-66
95
96        <provider
96-->[androidx.lifecycle:lifecycle-process:2.1.0] AndroidManifest.xml:23:9-27:43
97            android:name="androidx.lifecycle.ProcessLifecycleOwnerInitializer"
97-->[androidx.lifecycle:lifecycle-process:2.1.0] AndroidManifest.xml:24:13-79
98            android:authorities="com.edward.csvprocessor.lifecycle-process"
98-->[androidx.lifecycle:lifecycle-process:2.1.0] AndroidManifest.xml:25:13-69
99            android:exported="false"
99-->[androidx.lifecycle:lifecycle-process:2.1.0] AndroidManifest.xml:26:13-37
100            android:multiprocess="true" />
100-->[androidx.lifecycle:lifecycle-process:2.1.0] AndroidManifest.xml:27:13-40
101        <provider
101-->[com.crashlytics.sdk.android:crashlytics:2.10.1] AndroidManifest.xml:19:9-23:38
102            android:name="com.crashlytics.android.CrashlyticsInitProvider"
102-->[com.crashlytics.sdk.android:crashlytics:2.10.1] AndroidManifest.xml:20:13-75
103            android:authorities="com.edward.csvprocessor.crashlyticsinitprovider"
103-->[com.crashlytics.sdk.android:crashlytics:2.10.1] AndroidManifest.xml:21:13-75
104            android:exported="false"
104-->[com.crashlytics.sdk.android:crashlytics:2.10.1] AndroidManifest.xml:22:13-37
105            android:initOrder="90" />
105-->[com.crashlytics.sdk.android:crashlytics:2.10.1] AndroidManifest.xml:23:13-35
106    </application>
107
108</manifest>